2017-04-21 11:04:00 Error: [Cake\Routing\Exception\MissingControllerException] Controller class Opvoeding could not be found.
Exception Attributes: array (
  'class' => 'Opvoeding',
  'plugin' => false,
  'prefix' => false,
  '_ext' => false,
)
Request URL: /opvoeding/tips-zodat-je-kinderen-beter-gaan-luiseren/
Stack Trace:
#0 /home/erik/dev.smartmommy.nl/vendor/cakephp/cakephp/src/Http/ControllerFactory.php(70): Cake\Http\ControllerFactory->missingController(Object(Cake\Http\ServerRequest))
#1 /home/erik/dev.smartmommy.nl/vendor/cakephp/cakephp/src/Http/ActionDispatcher.php(90): Cake\Http\ControllerFactory->create(Object(Cake\Http\ServerRequest), Object(Cake\Http\Response))
#2 /home/erik/dev.smartmommy.nl/vendor/cakephp/cakephp/src/Http/BaseApplication.php(78): Cake\Http\ActionDispatcher->dispatch(Object(Cake\Http\ServerRequest), Object(Cake\Http\Response))
#3 /home/erik/dev.smartmommy.nl/vendor/cakephp/cakephp/src/Http/Runner.php(65): Cake\Http\BaseApplication->__invoke(Object(Cake\Http\ServerRequest), Object(Cake\Http\Response), Object(Cake\Http\Runner))
#4 /home/erik/dev.smartmommy.nl/vendor/cakephp/cakephp/src/Routing/Middleware/RoutingMiddleware.php(59): Cake\Http\Runner->__invoke(Object(Cake\Http\ServerRequest), Object(Cake\Http\Response))
#5 /home/erik/dev.smartmommy.nl/vendor/cakephp/cakephp/src/Http/Runner.php(65): Cake\Routing\Middleware\RoutingMiddleware->__invoke(Object(Cake\Http\ServerRequest), Object(Cake\Http\Response), Object(Cake\Http\Runner))
#6 /home/erik/dev.smartmommy.nl/vendor/cakephp/cakephp/src/Routing/Middleware/AssetMiddleware.php(88): Cake\Http\Runner->__invoke(Object(Cake\Http\ServerRequest), Object(Cake\Http\Response))
#7 /home/erik/dev.smartmommy.nl/vendor/cakephp/cakephp/src/Http/Runner.php(65): Cake\Routing\Middleware\AssetMiddleware->__invoke(Object(Cake\Http\ServerRequest), Object(Cake\Http\Response), Object(Cake\Http\Runner))
#8 /home/erik/dev.smartmommy.nl/vendor/cakephp/cakephp/src/Error/Middleware/ErrorHandlerMiddleware.php(92): Cake\Http\Runner->__invoke(Object(Cake\Http\ServerRequest), Object(Cake\Http\Response))
#9 /home/erik/dev.smartmommy.nl/vendor/cakephp/cakephp/src/Http/Runner.php(65): Cake\Error\Middleware\ErrorHandlerMiddleware->__invoke(Object(Cake\Http\ServerRequest), Object(Cake\Http\Response), Object(Cake\Http\Runner))
#10 /home/erik/dev.smartmommy.nl/vendor/cakephp/cakephp/src/Http/Runner.php(51): Cake\Http\Runner->__invoke(Object(Cake\Http\ServerRequest), Object(Cake\Http\Response))
#11 /home/erik/dev.smartmommy.nl/vendor/cakephp/cakephp/src/Http/Server.php(80): Cake\Http\Runner->run(Object(Cake\Http\MiddlewareQueue), Object(Cake\Http\ServerRequest), Object(Cake\Http\Response))
#12 /home/erik/dev.smartmommy.nl/webroot/index.php(37): Cake\Http\Server->run()
#13 {main}


2017-04-21 11:42:06 Error: [Cake\Routing\Exception\MissingControllerException] Controller class Smartmommy could not be found.
Exception Attributes: array (
  'class' => 'Smartmommy',
  'plugin' => false,
  'prefix' => false,
  '_ext' => false,
)
Request URL: /smartmommy/
Stack Trace:
#0 /home/erik/dev.smartmommy.nl/vendor/cakephp/cakephp/src/Http/ControllerFactory.php(70): Cake\Http\ControllerFactory->missingController(Object(Cake\Http\ServerRequest))
#1 /home/erik/dev.smartmommy.nl/vendor/cakephp/cakephp/src/Http/ActionDispatcher.php(90): Cake\Http\ControllerFactory->create(Object(Cake\Http\ServerRequest), Object(Cake\Http\Response))
#2 /home/erik/dev.smartmommy.nl/vendor/cakephp/cakephp/src/Http/BaseApplication.php(78): Cake\Http\ActionDispatcher->dispatch(Object(Cake\Http\ServerRequest), Object(Cake\Http\Response))
#3 /home/erik/dev.smartmommy.nl/vendor/cakephp/cakephp/src/Http/Runner.php(65): Cake\Http\BaseApplication->__invoke(Object(Cake\Http\ServerRequest), Object(Cake\Http\Response), Object(Cake\Http\Runner))
#4 /home/erik/dev.smartmommy.nl/vendor/cakephp/cakephp/src/Routing/Middleware/RoutingMiddleware.php(59): Cake\Http\Runner->__invoke(Object(Cake\Http\ServerRequest), Object(Cake\Http\Response))
#5 /home/erik/dev.smartmommy.nl/vendor/cakephp/cakephp/src/Http/Runner.php(65): Cake\Routing\Middleware\RoutingMiddleware->__invoke(Object(Cake\Http\ServerRequest), Object(Cake\Http\Response), Object(Cake\Http\Runner))
#6 /home/erik/dev.smartmommy.nl/vendor/cakephp/cakephp/src/Routing/Middleware/AssetMiddleware.php(88): Cake\Http\Runner->__invoke(Object(Cake\Http\ServerRequest), Object(Cake\Http\Response))
#7 /home/erik/dev.smartmommy.nl/vendor/cakephp/cakephp/src/Http/Runner.php(65): Cake\Routing\Middleware\AssetMiddleware->__invoke(Object(Cake\Http\ServerRequest), Object(Cake\Http\Response), Object(Cake\Http\Runner))
#8 /home/erik/dev.smartmommy.nl/vendor/cakephp/cakephp/src/Error/Middleware/ErrorHandlerMiddleware.php(92): Cake\Http\Runner->__invoke(Object(Cake\Http\ServerRequest), Object(Cake\Http\Response))
#9 /home/erik/dev.smartmommy.nl/vendor/cakephp/cakephp/src/Http/Runner.php(65): Cake\Error\Middleware\ErrorHandlerMiddleware->__invoke(Object(Cake\Http\ServerRequest), Object(Cake\Http\Response), Object(Cake\Http\Runner))
#10 /home/erik/dev.smartmommy.nl/vendor/cakephp/cakephp/src/Http/Runner.php(51): Cake\Http\Runner->__invoke(Object(Cake\Http\ServerRequest), Object(Cake\Http\Response))
#11 /home/erik/dev.smartmommy.nl/vendor/cakephp/cakephp/src/Http/Server.php(80): Cake\Http\Runner->run(Object(Cake\Http\MiddlewareQueue), Object(Cake\Http\ServerRequest), Object(Cake\Http\Response))
#12 /home/erik/dev.smartmommy.nl/webroot/index.php(37): Cake\Http\Server->run()
#13 {main}


2017-04-21 11:48:29 Error: [Cake\Routing\Exception\MissingControllerException] Controller class Smartmommy could not be found.
Exception Attributes: array (
  'class' => 'Smartmommy',
  'plugin' => false,
  'prefix' => false,
  '_ext' => false,
)
Request URL: /smartmommy/users/login
Stack Trace:
#0 /home/erik/dev.smartmommy.nl/vendor/cakephp/cakephp/src/Http/ControllerFactory.php(70): Cake\Http\ControllerFactory->missingController(Object(Cake\Http\ServerRequest))
#1 /home/erik/dev.smartmommy.nl/vendor/cakephp/cakephp/src/Http/ActionDispatcher.php(90): Cake\Http\ControllerFactory->create(Object(Cake\Http\ServerRequest), Object(Cake\Http\Response))
#2 /home/erik/dev.smartmommy.nl/vendor/cakephp/cakephp/src/Http/BaseApplication.php(78): Cake\Http\ActionDispatcher->dispatch(Object(Cake\Http\ServerRequest), Object(Cake\Http\Response))
#3 /home/erik/dev.smartmommy.nl/vendor/cakephp/cakephp/src/Http/Runner.php(65): Cake\Http\BaseApplication->__invoke(Object(Cake\Http\ServerRequest), Object(Cake\Http\Response), Object(Cake\Http\Runner))
#4 /home/erik/dev.smartmommy.nl/vendor/cakephp/cakephp/src/Routing/Middleware/RoutingMiddleware.php(59): Cake\Http\Runner->__invoke(Object(Cake\Http\ServerRequest), Object(Cake\Http\Response))
#5 /home/erik/dev.smartmommy.nl/vendor/cakephp/cakephp/src/Http/Runner.php(65): Cake\Routing\Middleware\RoutingMiddleware->__invoke(Object(Cake\Http\ServerRequest), Object(Cake\Http\Response), Object(Cake\Http\Runner))
#6 /home/erik/dev.smartmommy.nl/vendor/cakephp/cakephp/src/Routing/Middleware/AssetMiddleware.php(88): Cake\Http\Runner->__invoke(Object(Cake\Http\ServerRequest), Object(Cake\Http\Response))
#7 /home/erik/dev.smartmommy.nl/vendor/cakephp/cakephp/src/Http/Runner.php(65): Cake\Routing\Middleware\AssetMiddleware->__invoke(Object(Cake\Http\ServerRequest), Object(Cake\Http\Response), Object(Cake\Http\Runner))
#8 /home/erik/dev.smartmommy.nl/vendor/cakephp/cakephp/src/Error/Middleware/ErrorHandlerMiddleware.php(92): Cake\Http\Runner->__invoke(Object(Cake\Http\ServerRequest), Object(Cake\Http\Response))
#9 /home/erik/dev.smartmommy.nl/vendor/cakephp/cakephp/src/Http/Runner.php(65): Cake\Error\Middleware\ErrorHandlerMiddleware->__invoke(Object(Cake\Http\ServerRequest), Object(Cake\Http\Response), Object(Cake\Http\Runner))
#10 /home/erik/dev.smartmommy.nl/vendor/cakephp/cakephp/src/Http/Runner.php(51): Cake\Http\Runner->__invoke(Object(Cake\Http\ServerRequest), Object(Cake\Http\Response))
#11 /home/erik/dev.smartmommy.nl/vendor/cakephp/cakephp/src/Http/Server.php(80): Cake\Http\Runner->run(Object(Cake\Http\MiddlewareQueue), Object(Cake\Http\ServerRequest), Object(Cake\Http\Response))
#12 /home/erik/dev.smartmommy.nl/webroot/index.php(37): Cake\Http\Server->run()
#13 {main}


2017-04-21 11:48:29 Error: [Cake\Routing\Exception\MissingControllerException] Controller class Smartmommy could not be found.
Exception Attributes: array (
  'class' => 'Smartmommy',
  'plugin' => false,
  'prefix' => false,
  '_ext' => false,
)
Request URL: /smartmommy/
Stack Trace:
#0 /home/erik/dev.smartmommy.nl/vendor/cakephp/cakephp/src/Http/ControllerFactory.php(70): Cake\Http\ControllerFactory->missingController(Object(Cake\Http\ServerRequest))
#1 /home/erik/dev.smartmommy.nl/vendor/cakephp/cakephp/src/Http/ActionDispatcher.php(90): Cake\Http\ControllerFactory->create(Object(Cake\Http\ServerRequest), Object(Cake\Http\Response))
#2 /home/erik/dev.smartmommy.nl/vendor/cakephp/cakephp/src/Http/BaseApplication.php(78): Cake\Http\ActionDispatcher->dispatch(Object(Cake\Http\ServerRequest), Object(Cake\Http\Response))
#3 /home/erik/dev.smartmommy.nl/vendor/cakephp/cakephp/src/Http/Runner.php(65): Cake\Http\BaseApplication->__invoke(Object(Cake\Http\ServerRequest), Object(Cake\Http\Response), Object(Cake\Http\Runner))
#4 /home/erik/dev.smartmommy.nl/vendor/cakephp/cakephp/src/Routing/Middleware/RoutingMiddleware.php(59): Cake\Http\Runner->__invoke(Object(Cake\Http\ServerRequest), Object(Cake\Http\Response))
#5 /home/erik/dev.smartmommy.nl/vendor/cakephp/cakephp/src/Http/Runner.php(65): Cake\Routing\Middleware\RoutingMiddleware->__invoke(Object(Cake\Http\ServerRequest), Object(Cake\Http\Response), Object(Cake\Http\Runner))
#6 /home/erik/dev.smartmommy.nl/vendor/cakephp/cakephp/src/Routing/Middleware/AssetMiddleware.php(88): Cake\Http\Runner->__invoke(Object(Cake\Http\ServerRequest), Object(Cake\Http\Response))
#7 /home/erik/dev.smartmommy.nl/vendor/cakephp/cakephp/src/Http/Runner.php(65): Cake\Routing\Middleware\AssetMiddleware->__invoke(Object(Cake\Http\ServerRequest), Object(Cake\Http\Response), Object(Cake\Http\Runner))
#8 /home/erik/dev.smartmommy.nl/vendor/cakephp/cakephp/src/Error/Middleware/ErrorHandlerMiddleware.php(92): Cake\Http\Runner->__invoke(Object(Cake\Http\ServerRequest), Object(Cake\Http\Response))
#9 /home/erik/dev.smartmommy.nl/vendor/cakephp/cakephp/src/Http/Runner.php(65): Cake\Error\Middleware\ErrorHandlerMiddleware->__invoke(Object(Cake\Http\ServerRequest), Object(Cake\Http\Response), Object(Cake\Http\Runner))
#10 /home/erik/dev.smartmommy.nl/vendor/cakephp/cakephp/src/Http/Runner.php(51): Cake\Http\Runner->__invoke(Object(Cake\Http\ServerRequest), Object(Cake\Http\Response))
#11 /home/erik/dev.smartmommy.nl/vendor/cakephp/cakephp/src/Http/Server.php(80): Cake\Http\Runner->run(Object(Cake\Http\MiddlewareQueue), Object(Cake\Http\ServerRequest), Object(Cake\Http\Response))
#12 /home/erik/dev.smartmommy.nl/webroot/index.php(37): Cake\Http\Server->run()
#13 {main}


2017-04-21 12:16:15 Error: [Cake\Routing\Exception\MissingControllerException] Controller class WpContent could not be found.
Exception Attributes: array (
  'class' => 'WpContent',
  'plugin' => false,
  'prefix' => false,
  '_ext' => false,
)
Request URL: /wp-content/uploads/2016/10/692.jpg
Stack Trace:
#0 /home/erik/dev.smartmommy.nl/vendor/cakephp/cakephp/src/Http/ControllerFactory.php(70): Cake\Http\ControllerFactory->missingController(Object(Cake\Http\ServerRequest))
#1 /home/erik/dev.smartmommy.nl/vendor/cakephp/cakephp/src/Http/ActionDispatcher.php(90): Cake\Http\ControllerFactory->create(Object(Cake\Http\ServerRequest), Object(Cake\Http\Response))
#2 /home/erik/dev.smartmommy.nl/vendor/cakephp/cakephp/src/Http/BaseApplication.php(78): Cake\Http\ActionDispatcher->dispatch(Object(Cake\Http\ServerRequest), Object(Cake\Http\Response))
#3 /home/erik/dev.smartmommy.nl/vendor/cakephp/cakephp/src/Http/Runner.php(65): Cake\Http\BaseApplication->__invoke(Object(Cake\Http\ServerRequest), Object(Cake\Http\Response), Object(Cake\Http\Runner))
#4 /home/erik/dev.smartmommy.nl/vendor/cakephp/cakephp/src/Routing/Middleware/RoutingMiddleware.php(59): Cake\Http\Runner->__invoke(Object(Cake\Http\ServerRequest), Object(Cake\Http\Response))
#5 /home/erik/dev.smartmommy.nl/vendor/cakephp/cakephp/src/Http/Runner.php(65): Cake\Routing\Middleware\RoutingMiddleware->__invoke(Object(Cake\Http\ServerRequest), Object(Cake\Http\Response), Object(Cake\Http\Runner))
#6 /home/erik/dev.smartmommy.nl/vendor/cakephp/cakephp/src/Routing/Middleware/AssetMiddleware.php(93): Cake\Http\Runner->__invoke(Object(Cake\Http\ServerRequest), Object(Cake\Http\Response))
#7 /home/erik/dev.smartmommy.nl/vendor/cakephp/cakephp/src/Http/Runner.php(65): Cake\Routing\Middleware\AssetMiddleware->__invoke(Object(Cake\Http\ServerRequest), Object(Cake\Http\Response), Object(Cake\Http\Runner))
#8 /home/erik/dev.smartmommy.nl/vendor/cakephp/cakephp/src/Error/Middleware/ErrorHandlerMiddleware.php(92): Cake\Http\Runner->__invoke(Object(Cake\Http\ServerRequest), Object(Cake\Http\Response))
#9 /home/erik/dev.smartmommy.nl/vendor/cakephp/cakephp/src/Http/Runner.php(65): Cake\Error\Middleware\ErrorHandlerMiddleware->__invoke(Object(Cake\Http\ServerRequest), Object(Cake\Http\Response), Object(Cake\Http\Runner))
#10 /home/erik/dev.smartmommy.nl/vendor/cakephp/cakephp/src/Http/Runner.php(51): Cake\Http\Runner->__invoke(Object(Cake\Http\ServerRequest), Object(Cake\Http\Response))
#11 /home/erik/dev.smartmommy.nl/vendor/cakephp/cakephp/src/Http/Server.php(80): Cake\Http\Runner->run(Object(Cake\Http\MiddlewareQueue), Object(Cake\Http\ServerRequest), Object(Cake\Http\Response))
#12 /home/erik/dev.smartmommy.nl/webroot/index.php(37): Cake\Http\Server->run()
#13 {main}


2017-04-21 12:50:11 Error: [Cake\Routing\Exception\MissingControllerException] Controller class Smartmommy could not be found.
Exception Attributes: array (
  'class' => 'Smartmommy',
  'plugin' => false,
  'prefix' => false,
  '_ext' => false,
)
Request URL: /smartmommy/
Stack Trace:
#0 /home/erik/dev.smartmommy.nl/vendor/cakephp/cakephp/src/Http/ControllerFactory.php(70): Cake\Http\ControllerFactory->missingController(Object(Cake\Http\ServerRequest))
#1 /home/erik/dev.smartmommy.nl/vendor/cakephp/cakephp/src/Http/ActionDispatcher.php(90): Cake\Http\ControllerFactory->create(Object(Cake\Http\ServerRequest), Object(Cake\Http\Response))
#2 /home/erik/dev.smartmommy.nl/vendor/cakephp/cakephp/src/Http/BaseApplication.php(78): Cake\Http\ActionDispatcher->dispatch(Object(Cake\Http\ServerRequest), Object(Cake\Http\Response))
#3 /home/erik/dev.smartmommy.nl/vendor/cakephp/cakephp/src/Http/Runner.php(65): Cake\Http\BaseApplication->__invoke(Object(Cake\Http\ServerRequest), Object(Cake\Http\Response), Object(Cake\Http\Runner))
#4 /home/erik/dev.smartmommy.nl/vendor/cakephp/cakephp/src/Routing/Middleware/RoutingMiddleware.php(59): Cake\Http\Runner->__invoke(Object(Cake\Http\ServerRequest), Object(Cake\Http\Response))
#5 /home/erik/dev.smartmommy.nl/vendor/cakephp/cakephp/src/Http/Runner.php(65): Cake\Routing\Middleware\RoutingMiddleware->__invoke(Object(Cake\Http\ServerRequest), Object(Cake\Http\Response), Object(Cake\Http\Runner))
#6 /home/erik/dev.smartmommy.nl/vendor/cakephp/cakephp/src/Routing/Middleware/AssetMiddleware.php(88): Cake\Http\Runner->__invoke(Object(Cake\Http\ServerRequest), Object(Cake\Http\Response))
#7 /home/erik/dev.smartmommy.nl/vendor/cakephp/cakephp/src/Http/Runner.php(65): Cake\Routing\Middleware\AssetMiddleware->__invoke(Object(Cake\Http\ServerRequest), Object(Cake\Http\Response), Object(Cake\Http\Runner))
#8 /home/erik/dev.smartmommy.nl/vendor/cakephp/cakephp/src/Error/Middleware/ErrorHandlerMiddleware.php(92): Cake\Http\Runner->__invoke(Object(Cake\Http\ServerRequest), Object(Cake\Http\Response))
#9 /home/erik/dev.smartmommy.nl/vendor/cakephp/cakephp/src/Http/Runner.php(65): Cake\Error\Middleware\ErrorHandlerMiddleware->__invoke(Object(Cake\Http\ServerRequest), Object(Cake\Http\Response), Object(Cake\Http\Runner))
#10 /home/erik/dev.smartmommy.nl/vendor/cakephp/cakephp/src/Http/Runner.php(51): Cake\Http\Runner->__invoke(Object(Cake\Http\ServerRequest), Object(Cake\Http\Response))
#11 /home/erik/dev.smartmommy.nl/vendor/cakephp/cakephp/src/Http/Server.php(80): Cake\Http\Runner->run(Object(Cake\Http\MiddlewareQueue), Object(Cake\Http\ServerRequest), Object(Cake\Http\Response))
#12 /home/erik/dev.smartmommy.nl/webroot/index.php(37): Cake\Http\Server->run()
#13 {main}


2017-04-21 12:50:11 Error: [Cake\Routing\Exception\MissingControllerException] Controller class Smartmommy could not be found.
Exception Attributes: array (
  'class' => 'Smartmommy',
  'plugin' => false,
  'prefix' => false,
  '_ext' => false,
)
Request URL: /smartmommy/users/login
Stack Trace:
#0 /home/erik/dev.smartmommy.nl/vendor/cakephp/cakephp/src/Http/ControllerFactory.php(70): Cake\Http\ControllerFactory->missingController(Object(Cake\Http\ServerRequest))
#1 /home/erik/dev.smartmommy.nl/vendor/cakephp/cakephp/src/Http/ActionDispatcher.php(90): Cake\Http\ControllerFactory->create(Object(Cake\Http\ServerRequest), Object(Cake\Http\Response))
#2 /home/erik/dev.smartmommy.nl/vendor/cakephp/cakephp/src/Http/BaseApplication.php(78): Cake\Http\ActionDispatcher->dispatch(Object(Cake\Http\ServerRequest), Object(Cake\Http\Response))
#3 /home/erik/dev.smartmommy.nl/vendor/cakephp/cakephp/src/Http/Runner.php(65): Cake\Http\BaseApplication->__invoke(Object(Cake\Http\ServerRequest), Object(Cake\Http\Response), Object(Cake\Http\Runner))
#4 /home/erik/dev.smartmommy.nl/vendor/cakephp/cakephp/src/Routing/Middleware/RoutingMiddleware.php(59): Cake\Http\Runner->__invoke(Object(Cake\Http\ServerRequest), Object(Cake\Http\Response))
#5 /home/erik/dev.smartmommy.nl/vendor/cakephp/cakephp/src/Http/Runner.php(65): Cake\Routing\Middleware\RoutingMiddleware->__invoke(Object(Cake\Http\ServerRequest), Object(Cake\Http\Response), Object(Cake\Http\Runner))
#6 /home/erik/dev.smartmommy.nl/vendor/cakephp/cakephp/src/Routing/Middleware/AssetMiddleware.php(88): Cake\Http\Runner->__invoke(Object(Cake\Http\ServerRequest), Object(Cake\Http\Response))
#7 /home/erik/dev.smartmommy.nl/vendor/cakephp/cakephp/src/Http/Runner.php(65): Cake\Routing\Middleware\AssetMiddleware->__invoke(Object(Cake\Http\ServerRequest), Object(Cake\Http\Response), Object(Cake\Http\Runner))
#8 /home/erik/dev.smartmommy.nl/vendor/cakephp/cakephp/src/Error/Middleware/ErrorHandlerMiddleware.php(92): Cake\Http\Runner->__invoke(Object(Cake\Http\ServerRequest), Object(Cake\Http\Response))
#9 /home/erik/dev.smartmommy.nl/vendor/cakephp/cakephp/src/Http/Runner.php(65): Cake\Error\Middleware\ErrorHandlerMiddleware->__invoke(Object(Cake\Http\ServerRequest), Object(Cake\Http\Response), Object(Cake\Http\Runner))
#10 /home/erik/dev.smartmommy.nl/vendor/cakephp/cakephp/src/Http/Runner.php(51): Cake\Http\Runner->__invoke(Object(Cake\Http\ServerRequest), Object(Cake\Http\Response))
#11 /home/erik/dev.smartmommy.nl/vendor/cakephp/cakephp/src/Http/Server.php(80): Cake\Http\Runner->run(Object(Cake\Http\MiddlewareQueue), Object(Cake\Http\ServerRequest), Object(Cake\Http\Response))
#12 /home/erik/dev.smartmommy.nl/webroot/index.php(37): Cake\Http\Server->run()
#13 {main}


2017-04-21 13:02:42 Error: [Cake\Routing\Exception\MissingControllerException] Controller class Admin could not be found.
Exception Attributes: array (
  'class' => 'Admin',
  'plugin' => false,
  'prefix' => false,
  '_ext' => false,
)
Request URL: /admin/articles
Stack Trace:
#0 /home/erik/dev.smartmommy.nl/vendor/cakephp/cakephp/src/Http/ControllerFactory.php(70): Cake\Http\ControllerFactory->missingController(Object(Cake\Http\ServerRequest))
#1 /home/erik/dev.smartmommy.nl/vendor/cakephp/cakephp/src/Http/ActionDispatcher.php(90): Cake\Http\ControllerFactory->create(Object(Cake\Http\ServerRequest), Object(Cake\Http\Response))
#2 /home/erik/dev.smartmommy.nl/vendor/cakephp/cakephp/src/Http/BaseApplication.php(78): Cake\Http\ActionDispatcher->dispatch(Object(Cake\Http\ServerRequest), Object(Cake\Http\Response))
#3 /home/erik/dev.smartmommy.nl/vendor/cakephp/cakephp/src/Http/Runner.php(65): Cake\Http\BaseApplication->__invoke(Object(Cake\Http\ServerRequest), Object(Cake\Http\Response), Object(Cake\Http\Runner))
#4 /home/erik/dev.smartmommy.nl/vendor/cakephp/cakephp/src/Routing/Middleware/RoutingMiddleware.php(59): Cake\Http\Runner->__invoke(Object(Cake\Http\ServerRequest), Object(Cake\Http\Response))
#5 /home/erik/dev.smartmommy.nl/vendor/cakephp/cakephp/src/Http/Runner.php(65): Cake\Routing\Middleware\RoutingMiddleware->__invoke(Object(Cake\Http\ServerRequest), Object(Cake\Http\Response), Object(Cake\Http\Runner))
#6 /home/erik/dev.smartmommy.nl/vendor/cakephp/cakephp/src/Routing/Middleware/AssetMiddleware.php(88): Cake\Http\Runner->__invoke(Object(Cake\Http\ServerRequest), Object(Cake\Http\Response))
#7 /home/erik/dev.smartmommy.nl/vendor/cakephp/cakephp/src/Http/Runner.php(65): Cake\Routing\Middleware\AssetMiddleware->__invoke(Object(Cake\Http\ServerRequest), Object(Cake\Http\Response), Object(Cake\Http\Runner))
#8 /home/erik/dev.smartmommy.nl/vendor/cakephp/cakephp/src/Error/Middleware/ErrorHandlerMiddleware.php(92): Cake\Http\Runner->__invoke(Object(Cake\Http\ServerRequest), Object(Cake\Http\Response))
#9 /home/erik/dev.smartmommy.nl/vendor/cakephp/cakephp/src/Http/Runner.php(65): Cake\Error\Middleware\ErrorHandlerMiddleware->__invoke(Object(Cake\Http\ServerRequest), Object(Cake\Http\Response), Object(Cake\Http\Runner))
#10 /home/erik/dev.smartmommy.nl/vendor/cakephp/cakephp/src/Http/Runner.php(51): Cake\Http\Runner->__invoke(Object(Cake\Http\ServerRequest), Object(Cake\Http\Response))
#11 /home/erik/dev.smartmommy.nl/vendor/cakephp/cakephp/src/Http/Server.php(80): Cake\Http\Runner->run(Object(Cake\Http\MiddlewareQueue), Object(Cake\Http\ServerRequest), Object(Cake\Http\Response))
#12 /home/erik/dev.smartmommy.nl/webroot/index.php(37): Cake\Http\Server->run()
#13 {main}


2017-04-21 13:02:47 Error: [Cake\Routing\Exception\MissingControllerException] Controller class Admin could not be found.
Exception Attributes: array (
  'class' => 'Admin',
  'plugin' => false,
  'prefix' => false,
  '_ext' => false,
)
Request URL: /admin/article
Stack Trace:
#0 /home/erik/dev.smartmommy.nl/vendor/cakephp/cakephp/src/Http/ControllerFactory.php(70): Cake\Http\ControllerFactory->missingController(Object(Cake\Http\ServerRequest))
#1 /home/erik/dev.smartmommy.nl/vendor/cakephp/cakephp/src/Http/ActionDispatcher.php(90): Cake\Http\ControllerFactory->create(Object(Cake\Http\ServerRequest), Object(Cake\Http\Response))
#2 /home/erik/dev.smartmommy.nl/vendor/cakephp/cakephp/src/Http/BaseApplication.php(78): Cake\Http\ActionDispatcher->dispatch(Object(Cake\Http\ServerRequest), Object(Cake\Http\Response))
#3 /home/erik/dev.smartmommy.nl/vendor/cakephp/cakephp/src/Http/Runner.php(65): Cake\Http\BaseApplication->__invoke(Object(Cake\Http\ServerRequest), Object(Cake\Http\Response), Object(Cake\Http\Runner))
#4 /home/erik/dev.smartmommy.nl/vendor/cakephp/cakephp/src/Routing/Middleware/RoutingMiddleware.php(59): Cake\Http\Runner->__invoke(Object(Cake\Http\ServerRequest), Object(Cake\Http\Response))
#5 /home/erik/dev.smartmommy.nl/vendor/cakephp/cakephp/src/Http/Runner.php(65): Cake\Routing\Middleware\RoutingMiddleware->__invoke(Object(Cake\Http\ServerRequest), Object(Cake\Http\Response), Object(Cake\Http\Runner))
#6 /home/erik/dev.smartmommy.nl/vendor/cakephp/cakephp/src/Routing/Middleware/AssetMiddleware.php(88): Cake\Http\Runner->__invoke(Object(Cake\Http\ServerRequest), Object(Cake\Http\Response))
#7 /home/erik/dev.smartmommy.nl/vendor/cakephp/cakephp/src/Http/Runner.php(65): Cake\Routing\Middleware\AssetMiddleware->__invoke(Object(Cake\Http\ServerRequest), Object(Cake\Http\Response), Object(Cake\Http\Runner))
#8 /home/erik/dev.smartmommy.nl/vendor/cakephp/cakephp/src/Error/Middleware/ErrorHandlerMiddleware.php(92): Cake\Http\Runner->__invoke(Object(Cake\Http\ServerRequest), Object(Cake\Http\Response))
#9 /home/erik/dev.smartmommy.nl/vendor/cakephp/cakephp/src/Http/Runner.php(65): Cake\Error\Middleware\ErrorHandlerMiddleware->__invoke(Object(Cake\Http\ServerRequest), Object(Cake\Http\Response), Object(Cake\Http\Runner))
#10 /home/erik/dev.smartmommy.nl/vendor/cakephp/cakephp/src/Http/Runner.php(51): Cake\Http\Runner->__invoke(Object(Cake\Http\ServerRequest), Object(Cake\Http\Response))
#11 /home/erik/dev.smartmommy.nl/vendor/cakephp/cakephp/src/Http/Server.php(80): Cake\Http\Runner->run(Object(Cake\Http\MiddlewareQueue), Object(Cake\Http\ServerRequest), Object(Cake\Http\Response))
#12 /home/erik/dev.smartmommy.nl/webroot/index.php(37): Cake\Http\Server->run()
#13 {main}


2017-04-21 13:02:51 Error: [Cake\Routing\Exception\MissingControllerException] Controller class Admin could not be found.
Exception Attributes: array (
  'class' => 'Admin',
  'plugin' => false,
  'prefix' => false,
  '_ext' => false,
)
Request URL: /admin/users
Stack Trace:
#0 /home/erik/dev.smartmommy.nl/vendor/cakephp/cakephp/src/Http/ControllerFactory.php(70): Cake\Http\ControllerFactory->missingController(Object(Cake\Http\ServerRequest))
#1 /home/erik/dev.smartmommy.nl/vendor/cakephp/cakephp/src/Http/ActionDispatcher.php(90): Cake\Http\ControllerFactory->create(Object(Cake\Http\ServerRequest), Object(Cake\Http\Response))
#2 /home/erik/dev.smartmommy.nl/vendor/cakephp/cakephp/src/Http/BaseApplication.php(78): Cake\Http\ActionDispatcher->dispatch(Object(Cake\Http\ServerRequest), Object(Cake\Http\Response))
#3 /home/erik/dev.smartmommy.nl/vendor/cakephp/cakephp/src/Http/Runner.php(65): Cake\Http\BaseApplication->__invoke(Object(Cake\Http\ServerRequest), Object(Cake\Http\Response), Object(Cake\Http\Runner))
#4 /home/erik/dev.smartmommy.nl/vendor/cakephp/cakephp/src/Routing/Middleware/RoutingMiddleware.php(59): Cake\Http\Runner->__invoke(Object(Cake\Http\ServerRequest), Object(Cake\Http\Response))
#5 /home/erik/dev.smartmommy.nl/vendor/cakephp/cakephp/src/Http/Runner.php(65): Cake\Routing\Middleware\RoutingMiddleware->__invoke(Object(Cake\Http\ServerRequest), Object(Cake\Http\Response), Object(Cake\Http\Runner))
#6 /home/erik/dev.smartmommy.nl/vendor/cakephp/cakephp/src/Routing/Middleware/AssetMiddleware.php(88): Cake\Http\Runner->__invoke(Object(Cake\Http\ServerRequest), Object(Cake\Http\Response))
#7 /home/erik/dev.smartmommy.nl/vendor/cakephp/cakephp/src/Http/Runner.php(65): Cake\Routing\Middleware\AssetMiddleware->__invoke(Object(Cake\Http\ServerRequest), Object(Cake\Http\Response), Object(Cake\Http\Runner))
#8 /home/erik/dev.smartmommy.nl/vendor/cakephp/cakephp/src/Error/Middleware/ErrorHandlerMiddleware.php(92): Cake\Http\Runner->__invoke(Object(Cake\Http\ServerRequest), Object(Cake\Http\Response))
#9 /home/erik/dev.smartmommy.nl/vendor/cakephp/cakephp/src/Http/Runner.php(65): Cake\Error\Middleware\ErrorHandlerMiddleware->__invoke(Object(Cake\Http\ServerRequest), Object(Cake\Http\Response), Object(Cake\Http\Runner))
#10 /home/erik/dev.smartmommy.nl/vendor/cakephp/cakephp/src/Http/Runner.php(51): Cake\Http\Runner->__invoke(Object(Cake\Http\ServerRequest), Object(Cake\Http\Response))
#11 /home/erik/dev.smartmommy.nl/vendor/cakephp/cakephp/src/Http/Server.php(80): Cake\Http\Runner->run(Object(Cake\Http\MiddlewareQueue), Object(Cake\Http\ServerRequest), Object(Cake\Http\Response))
#12 /home/erik/dev.smartmommy.nl/webroot/index.php(37): Cake\Http\Server->run()
#13 {main}


2017-04-21 13:03:36 Error: [Cake\Routing\Exception\MissingControllerException] Controller class Smartmommy could not be found.
Exception Attributes: array (
  'class' => 'Smartmommy',
  'plugin' => false,
  'prefix' => false,
  '_ext' => false,
)
Request URL: /smartmommy/users/login
Stack Trace:
#0 /home/erik/dev.smartmommy.nl/vendor/cakephp/cakephp/src/Http/ControllerFactory.php(70): Cake\Http\ControllerFactory->missingController(Object(Cake\Http\ServerRequest))
#1 /home/erik/dev.smartmommy.nl/vendor/cakephp/cakephp/src/Http/ActionDispatcher.php(90): Cake\Http\ControllerFactory->create(Object(Cake\Http\ServerRequest), Object(Cake\Http\Response))
#2 /home/erik/dev.smartmommy.nl/vendor/cakephp/cakephp/src/Http/BaseApplication.php(78): Cake\Http\ActionDispatcher->dispatch(Object(Cake\Http\ServerRequest), Object(Cake\Http\Response))
#3 /home/erik/dev.smartmommy.nl/vendor/cakephp/cakephp/src/Http/Runner.php(65): Cake\Http\BaseApplication->__invoke(Object(Cake\Http\ServerRequest), Object(Cake\Http\Response), Object(Cake\Http\Runner))
#4 /home/erik/dev.smartmommy.nl/vendor/cakephp/cakephp/src/Routing/Middleware/RoutingMiddleware.php(59): Cake\Http\Runner->__invoke(Object(Cake\Http\ServerRequest), Object(Cake\Http\Response))
#5 /home/erik/dev.smartmommy.nl/vendor/cakephp/cakephp/src/Http/Runner.php(65): Cake\Routing\Middleware\RoutingMiddleware->__invoke(Object(Cake\Http\ServerRequest), Object(Cake\Http\Response), Object(Cake\Http\Runner))
#6 /home/erik/dev.smartmommy.nl/vendor/cakephp/cakephp/src/Routing/Middleware/AssetMiddleware.php(88): Cake\Http\Runner->__invoke(Object(Cake\Http\ServerRequest), Object(Cake\Http\Response))
#7 /home/erik/dev.smartmommy.nl/vendor/cakephp/cakephp/src/Http/Runner.php(65): Cake\Routing\Middleware\AssetMiddleware->__invoke(Object(Cake\Http\ServerRequest), Object(Cake\Http\Response), Object(Cake\Http\Runner))
#8 /home/erik/dev.smartmommy.nl/vendor/cakephp/cakephp/src/Error/Middleware/ErrorHandlerMiddleware.php(92): Cake\Http\Runner->__invoke(Object(Cake\Http\ServerRequest), Object(Cake\Http\Response))
#9 /home/erik/dev.smartmommy.nl/vendor/cakephp/cakephp/src/Http/Runner.php(65): Cake\Error\Middleware\ErrorHandlerMiddleware->__invoke(Object(Cake\Http\ServerRequest), Object(Cake\Http\Response), Object(Cake\Http\Runner))
#10 /home/erik/dev.smartmommy.nl/vendor/cakephp/cakephp/src/Http/Runner.php(51): Cake\Http\Runner->__invoke(Object(Cake\Http\ServerRequest), Object(Cake\Http\Response))
#11 /home/erik/dev.smartmommy.nl/vendor/cakephp/cakephp/src/Http/Server.php(80): Cake\Http\Runner->run(Object(Cake\Http\MiddlewareQueue), Object(Cake\Http\ServerRequest), Object(Cake\Http\Response))
#12 /home/erik/dev.smartmommy.nl/webroot/index.php(37): Cake\Http\Server->run()
#13 {main}


2017-05-04 19:20:28 Error: [PDOException] SQLSTATE[HY000] [1045] Access denied for user 'erik'@'localhost' (using password: YES)
Request URL: /admin/articles
Stack Trace:
#0 C:\xampp\htdocs\smartmommy\vendor\cakephp\cakephp\src\Database\Driver\PDODriverTrait.php(95): PDO->__construct('mysql:host=loca...', 'erik', 'lbz6X89413629!', Array)
#1 C:\xampp\htdocs\smartmommy\vendor\cakephp\cakephp\src\Database\Driver\Mysql.php(207): Cake\Database\Driver\Mysql->_connect('mysql:host=loca...', Array)
#2 C:\xampp\htdocs\smartmommy\vendor\cakephp\cakephp\src\Database\Schema\BaseSchema.php(89): Cake\Database\Driver\Mysql->connect()
#3 C:\xampp\htdocs\smartmommy\vendor\cakephp\cakephp\src\Database\Dialect\MysqlDialectTrait.php(125): Cake\Database\Schema\BaseSchema->__construct(Object(Cake\Database\Driver\Mysql))
#4 C:\xampp\htdocs\smartmommy\vendor\cakephp\cakephp\src\Database\Schema\Collection.php(103): Cake\Database\Driver\Mysql->schemaDialect()
#5 C:\xampp\htdocs\smartmommy\vendor\cakephp\cakephp\src\Database\Schema\CachedCollection.php(83): Cake\Database\Schema\Collection->__construct(Object(Cake\Database\Connection))
#6 C:\xampp\htdocs\smartmommy\vendor\cakephp\cakephp\src\Database\Connection.php(733): Cake\Database\Schema\CachedCollection->__construct(Object(Cake\Database\Connection), true)
#7 C:\xampp\htdocs\smartmommy\vendor\cakephp\cakephp\src\ORM\Table.php(1059): Cake\Database\Connection->getSchemaCollection()
#8 C:\xampp\htdocs\smartmommy\vendor\cakephp\cakephp\src\ORM\Table.php(1175): Cake\ORM\Table->getSchema()
#9 C:\xampp\htdocs\smartmommy\vendor\josegonzalez\cakephp-upload\src\Model\Behavior\UploadBehavior.php(41): Cake\ORM\Table->schema()
#10 C:\xampp\htdocs\smartmommy\vendor\cakephp\cakephp\src\ORM\Behavior.php(331): Josegonzalez\Upload\Model\Behavior\UploadBehavior->initialize(Array)
#11 C:\xampp\htdocs\smartmommy\vendor\cakephp\cakephp\src\ORM\BehaviorRegistry.php(259): Cake\ORM\Behavior->__construct(Object(App\Model\Table\ArticlesTable), Array)
#12 C:\xampp\htdocs\smartmommy\vendor\cakephp\cakephp\src\Core\ObjectRegistry.php(185): Cake\ORM\BehaviorRegistry->_create('Josegonzalez\\Up...', 'Upload', Array)
#13 C:\xampp\htdocs\smartmommy\vendor\cakephp\cakephp\src\ORM\Table.php(1649): Cake\Core\ObjectRegistry->load('Josegonzalez/Up...', Array)
#14 C:\xampp\htdocs\smartmommy\src\Model\Table\ArticlesTable.php(61): Cake\ORM\Table->addBehavior('Josegonzalez/Up...', Array)
#15 C:\xampp\htdocs\smartmommy\vendor\cakephp\cakephp\src\ORM\Table.php(579): App\Model\Table\ArticlesTable->initialize(Array)
#16 C:\xampp\htdocs\smartmommy\vendor\cakephp\cakephp\src\ORM\Locator\TableLocator.php(497): Cake\ORM\Table->__construct(Array)
#17 C:\xampp\htdocs\smartmommy\vendor\cakephp\cakephp\src\ORM\Locator\TableLocator.php(431): Cake\ORM\Locator\TableLocator->_create(Array)
#18 C:\xampp\htdocs\smartmommy\vendor\cakephp\cakephp\src\Datasource\ModelAwareTrait.php(223): Cake\ORM\Locator\TableLocator->get('Articles')
#19 C:\xampp\htdocs\smartmommy\vendor\cakephp\cakephp\src\Controller\Controller.php(715): Cake\Controller\Controller->loadModel('Articles')
#20 C:\xampp\htdocs\smartmommy\src\Controller\Admin\ArticlesController.php(22): Cake\Controller\Controller->__get('Articles')
#21 C:\xampp\htdocs\smartmommy\vendor\cakephp\cakephp\src\Controller\Controller.php(879): App\Controller\Admin\ArticlesController->index()
#22 C:\xampp\htdocs\smartmommy\vendor\cakephp\cakephp\src\Http\ActionDispatcher.php(237): Cake\Controller\Controller->invokeAction()
#23 C:\xampp\htdocs\smartmommy\vendor\cakephp\cakephp\src\Http\ActionDispatcher.php(185): Cake\Http\ActionDispatcher->_invoke(Object(App\Controller\Admin\ArticlesController))
#24 C:\xampp\htdocs\smartmommy\vendor\cakephp\cakephp\src\Http\BaseApplication.php(155): Cake\Http\ActionDispatcher->dispatch(Object(Cake\Http\ServerRequest), Object(Cake\Http\Response))
#25 C:\xampp\htdocs\smartmommy\vendor\cakephp\cakephp\src\Http\Runner.php(129): Cake\Http\BaseApplication->__invoke(Object(Cake\Http\ServerRequest), Object(Cake\Http\Response), Object(Cake\Http\Runner))
#26 C:\xampp\htdocs\smartmommy\vendor\cakephp\cakephp\src\Routing\Middleware\RoutingMiddleware.php(117): Cake\Http\Runner->__invoke(Object(Cake\Http\ServerRequest), Object(Cake\Http\Response))
#27 C:\xampp\htdocs\smartmommy\vendor\cakephp\cakephp\src\Http\Runner.php(129): Cake\Routing\Middleware\RoutingMiddleware->__invoke(Object(Cake\Http\ServerRequest), Object(Cake\Http\Response), Object(Cake\Http\Runner))
#28 C:\xampp\htdocs\smartmommy\vendor\cakephp\cakephp\src\Routing\Middleware\AssetMiddleware.php(175): Cake\Http\Runner->__invoke(Object(Cake\Http\ServerRequest), Object(Cake\Http\Response))
#29 C:\xampp\htdocs\smartmommy\vendor\cakephp\cakephp\src\Http\Runner.php(129): Cake\Routing\Middleware\AssetMiddleware->__invoke(Object(Cake\Http\ServerRequest), Object(Cake\Http\Response), Object(Cake\Http\Runner))
#30 C:\xampp\htdocs\smartmommy\vendor\cakephp\cakephp\src\Error\Middleware\ErrorHandlerMiddleware.php(183): Cake\Http\Runner->__invoke(Object(Cake\Http\ServerRequest), Object(Cake\Http\Response))
#31 C:\xampp\htdocs\smartmommy\vendor\cakephp\cakephp\src\Http\Runner.php(129): Cake\Error\Middleware\ErrorHandlerMiddleware->__invoke(Object(Cake\Http\ServerRequest), Object(Cake\Http\Response), Object(Cake\Http\Runner))
#32 C:\xampp\htdocs\smartmommy\vendor\cakephp\cakephp\src\Http\Runner.php(101): Cake\Http\Runner->__invoke(Object(Cake\Http\ServerRequest), Object(Cake\Http\Response))
#33 C:\xampp\htdocs\smartmommy\vendor\cakephp\cakephp\src\Http\Server.php(159): Cake\Http\Runner->run(Object(Cake\Http\MiddlewareQueue), Object(Cake\Http\ServerRequest), Object(Cake\Http\Response))
#34 C:\xampp\htdocs\smartmommy\webroot\index.php(39): Cake\Http\Server->run()
#35 {main}


2017-05-04 19:23:07 Error: [PDOException] SQLSTATE[HY000] [1044] Access denied for user ''@'localhost' to database 'cmc_smartmommy'
Request URL: /admin/articles
Stack Trace:
#0 C:\xampp\htdocs\smartmommy\vendor\cakephp\cakephp\src\Database\Driver\PDODriverTrait.php(95): PDO->__construct('mysql:host=loca...', '', '', Array)
#1 C:\xampp\htdocs\smartmommy\vendor\cakephp\cakephp\src\Database\Driver\Mysql.php(207): Cake\Database\Driver\Mysql->_connect('mysql:host=loca...', Array)
#2 C:\xampp\htdocs\smartmommy\vendor\cakephp\cakephp\src\Database\Schema\BaseSchema.php(89): Cake\Database\Driver\Mysql->connect()
#3 C:\xampp\htdocs\smartmommy\vendor\cakephp\cakephp\src\Database\Dialect\MysqlDialectTrait.php(125): Cake\Database\Schema\BaseSchema->__construct(Object(Cake\Database\Driver\Mysql))
#4 C:\xampp\htdocs\smartmommy\vendor\cakephp\cakephp\src\Database\Schema\Collection.php(103): Cake\Database\Driver\Mysql->schemaDialect()
#5 C:\xampp\htdocs\smartmommy\vendor\cakephp\cakephp\src\Database\Schema\CachedCollection.php(83): Cake\Database\Schema\Collection->__construct(Object(Cake\Database\Connection))
#6 C:\xampp\htdocs\smartmommy\vendor\cakephp\cakephp\src\Database\Connection.php(733): Cake\Database\Schema\CachedCollection->__construct(Object(Cake\Database\Connection), true)
#7 C:\xampp\htdocs\smartmommy\vendor\cakephp\cakephp\src\ORM\Table.php(1059): Cake\Database\Connection->getSchemaCollection()
#8 C:\xampp\htdocs\smartmommy\vendor\cakephp\cakephp\src\ORM\Table.php(1175): Cake\ORM\Table->getSchema()
#9 C:\xampp\htdocs\smartmommy\vendor\josegonzalez\cakephp-upload\src\Model\Behavior\UploadBehavior.php(41): Cake\ORM\Table->schema()
#10 C:\xampp\htdocs\smartmommy\vendor\cakephp\cakephp\src\ORM\Behavior.php(331): Josegonzalez\Upload\Model\Behavior\UploadBehavior->initialize(Array)
#11 C:\xampp\htdocs\smartmommy\vendor\cakephp\cakephp\src\ORM\BehaviorRegistry.php(259): Cake\ORM\Behavior->__construct(Object(App\Model\Table\ArticlesTable), Array)
#12 C:\xampp\htdocs\smartmommy\vendor\cakephp\cakephp\src\Core\ObjectRegistry.php(185): Cake\ORM\BehaviorRegistry->_create('Josegonzalez\\Up...', 'Upload', Array)
#13 C:\xampp\htdocs\smartmommy\vendor\cakephp\cakephp\src\ORM\Table.php(1649): Cake\Core\ObjectRegistry->load('Josegonzalez/Up...', Array)
#14 C:\xampp\htdocs\smartmommy\src\Model\Table\ArticlesTable.php(61): Cake\ORM\Table->addBehavior('Josegonzalez/Up...', Array)
#15 C:\xampp\htdocs\smartmommy\vendor\cakephp\cakephp\src\ORM\Table.php(579): App\Model\Table\ArticlesTable->initialize(Array)
#16 C:\xampp\htdocs\smartmommy\vendor\cakephp\cakephp\src\ORM\Locator\TableLocator.php(497): Cake\ORM\Table->__construct(Array)
#17 C:\xampp\htdocs\smartmommy\vendor\cakephp\cakephp\src\ORM\Locator\TableLocator.php(431): Cake\ORM\Locator\TableLocator->_create(Array)
#18 C:\xampp\htdocs\smartmommy\vendor\cakephp\cakephp\src\Datasource\ModelAwareTrait.php(223): Cake\ORM\Locator\TableLocator->get('Articles')
#19 C:\xampp\htdocs\smartmommy\vendor\cakephp\cakephp\src\Controller\Controller.php(715): Cake\Controller\Controller->loadModel('Articles')
#20 C:\xampp\htdocs\smartmommy\src\Controller\Admin\ArticlesController.php(22): Cake\Controller\Controller->__get('Articles')
#21 C:\xampp\htdocs\smartmommy\vendor\cakephp\cakephp\src\Controller\Controller.php(879): App\Controller\Admin\ArticlesController->index()
#22 C:\xampp\htdocs\smartmommy\vendor\cakephp\cakephp\src\Http\ActionDispatcher.php(237): Cake\Controller\Controller->invokeAction()
#23 C:\xampp\htdocs\smartmommy\vendor\cakephp\cakephp\src\Http\ActionDispatcher.php(185): Cake\Http\ActionDispatcher->_invoke(Object(App\Controller\Admin\ArticlesController))
#24 C:\xampp\htdocs\smartmommy\vendor\cakephp\cakephp\src\Http\BaseApplication.php(155): Cake\Http\ActionDispatcher->dispatch(Object(Cake\Http\ServerRequest), Object(Cake\Http\Response))
#25 C:\xampp\htdocs\smartmommy\vendor\cakephp\cakephp\src\Http\Runner.php(129): Cake\Http\BaseApplication->__invoke(Object(Cake\Http\ServerRequest), Object(Cake\Http\Response), Object(Cake\Http\Runner))
#26 C:\xampp\htdocs\smartmommy\vendor\cakephp\cakephp\src\Routing\Middleware\RoutingMiddleware.php(117): Cake\Http\Runner->__invoke(Object(Cake\Http\ServerRequest), Object(Cake\Http\Response))
#27 C:\xampp\htdocs\smartmommy\vendor\cakephp\cakephp\src\Http\Runner.php(129): Cake\Routing\Middleware\RoutingMiddleware->__invoke(Object(Cake\Http\ServerRequest), Object(Cake\Http\Response), Object(Cake\Http\Runner))
#28 C:\xampp\htdocs\smartmommy\vendor\cakephp\cakephp\src\Routing\Middleware\AssetMiddleware.php(175): Cake\Http\Runner->__invoke(Object(Cake\Http\ServerRequest), Object(Cake\Http\Response))
#29 C:\xampp\htdocs\smartmommy\vendor\cakephp\cakephp\src\Http\Runner.php(129): Cake\Routing\Middleware\AssetMiddleware->__invoke(Object(Cake\Http\ServerRequest), Object(Cake\Http\Response), Object(Cake\Http\Runner))
#30 C:\xampp\htdocs\smartmommy\vendor\cakephp\cakephp\src\Error\Middleware\ErrorHandlerMiddleware.php(183): Cake\Http\Runner->__invoke(Object(Cake\Http\ServerRequest), Object(Cake\Http\Response))
#31 C:\xampp\htdocs\smartmommy\vendor\cakephp\cakephp\src\Http\Runner.php(129): Cake\Error\Middleware\ErrorHandlerMiddleware->__invoke(Object(Cake\Http\ServerRequest), Object(Cake\Http\Response), Object(Cake\Http\Runner))
#32 C:\xampp\htdocs\smartmommy\vendor\cakephp\cakephp\src\Http\Runner.php(101): Cake\Http\Runner->__invoke(Object(Cake\Http\ServerRequest), Object(Cake\Http\Response))
#33 C:\xampp\htdocs\smartmommy\vendor\cakephp\cakephp\src\Http\Server.php(159): Cake\Http\Runner->run(Object(Cake\Http\MiddlewareQueue), Object(Cake\Http\ServerRequest), Object(Cake\Http\Response))
#34 C:\xampp\htdocs\smartmommy\webroot\index.php(39): Cake\Http\Server->run()
#35 {main}


2017-05-04 19:23:17 Error: [PDOException] SQLSTATE[HY000] [1049] Unknown database 'cmc_smartmommy'
Request URL: /admin/articles
Stack Trace:
#0 C:\xampp\htdocs\smartmommy\vendor\cakephp\cakephp\src\Database\Driver\PDODriverTrait.php(95): PDO->__construct('mysql:host=loca...', 'root', '', Array)
#1 C:\xampp\htdocs\smartmommy\vendor\cakephp\cakephp\src\Database\Driver\Mysql.php(207): Cake\Database\Driver\Mysql->_connect('mysql:host=loca...', Array)
#2 C:\xampp\htdocs\smartmommy\vendor\cakephp\cakephp\src\Database\Schema\BaseSchema.php(89): Cake\Database\Driver\Mysql->connect()
#3 C:\xampp\htdocs\smartmommy\vendor\cakephp\cakephp\src\Database\Dialect\MysqlDialectTrait.php(125): Cake\Database\Schema\BaseSchema->__construct(Object(Cake\Database\Driver\Mysql))
#4 C:\xampp\htdocs\smartmommy\vendor\cakephp\cakephp\src\Database\Schema\Collection.php(103): Cake\Database\Driver\Mysql->schemaDialect()
#5 C:\xampp\htdocs\smartmommy\vendor\cakephp\cakephp\src\Database\Schema\CachedCollection.php(83): Cake\Database\Schema\Collection->__construct(Object(Cake\Database\Connection))
#6 C:\xampp\htdocs\smartmommy\vendor\cakephp\cakephp\src\Database\Connection.php(733): Cake\Database\Schema\CachedCollection->__construct(Object(Cake\Database\Connection), true)
#7 C:\xampp\htdocs\smartmommy\vendor\cakephp\cakephp\src\ORM\Table.php(1059): Cake\Database\Connection->getSchemaCollection()
#8 C:\xampp\htdocs\smartmommy\vendor\cakephp\cakephp\src\ORM\Table.php(1175): Cake\ORM\Table->getSchema()
#9 C:\xampp\htdocs\smartmommy\vendor\josegonzalez\cakephp-upload\src\Model\Behavior\UploadBehavior.php(41): Cake\ORM\Table->schema()
#10 C:\xampp\htdocs\smartmommy\vendor\cakephp\cakephp\src\ORM\Behavior.php(331): Josegonzalez\Upload\Model\Behavior\UploadBehavior->initialize(Array)
#11 C:\xampp\htdocs\smartmommy\vendor\cakephp\cakephp\src\ORM\BehaviorRegistry.php(259): Cake\ORM\Behavior->__construct(Object(App\Model\Table\ArticlesTable), Array)
#12 C:\xampp\htdocs\smartmommy\vendor\cakephp\cakephp\src\Core\ObjectRegistry.php(185): Cake\ORM\BehaviorRegistry->_create('Josegonzalez\\Up...', 'Upload', Array)
#13 C:\xampp\htdocs\smartmommy\vendor\cakephp\cakephp\src\ORM\Table.php(1649): Cake\Core\ObjectRegistry->load('Josegonzalez/Up...', Array)
#14 C:\xampp\htdocs\smartmommy\src\Model\Table\ArticlesTable.php(61): Cake\ORM\Table->addBehavior('Josegonzalez/Up...', Array)
#15 C:\xampp\htdocs\smartmommy\vendor\cakephp\cakephp\src\ORM\Table.php(579): App\Model\Table\ArticlesTable->initialize(Array)
#16 C:\xampp\htdocs\smartmommy\vendor\cakephp\cakephp\src\ORM\Locator\TableLocator.php(497): Cake\ORM\Table->__construct(Array)
#17 C:\xampp\htdocs\smartmommy\vendor\cakephp\cakephp\src\ORM\Locator\TableLocator.php(431): Cake\ORM\Locator\TableLocator->_create(Array)
#18 C:\xampp\htdocs\smartmommy\vendor\cakephp\cakephp\src\Datasource\ModelAwareTrait.php(223): Cake\ORM\Locator\TableLocator->get('Articles')
#19 C:\xampp\htdocs\smartmommy\vendor\cakephp\cakephp\src\Controller\Controller.php(715): Cake\Controller\Controller->loadModel('Articles')
#20 C:\xampp\htdocs\smartmommy\src\Controller\Admin\ArticlesController.php(22): Cake\Controller\Controller->__get('Articles')
#21 C:\xampp\htdocs\smartmommy\vendor\cakephp\cakephp\src\Controller\Controller.php(879): App\Controller\Admin\ArticlesController->index()
#22 C:\xampp\htdocs\smartmommy\vendor\cakephp\cakephp\src\Http\ActionDispatcher.php(237): Cake\Controller\Controller->invokeAction()
#23 C:\xampp\htdocs\smartmommy\vendor\cakephp\cakephp\src\Http\ActionDispatcher.php(185): Cake\Http\ActionDispatcher->_invoke(Object(App\Controller\Admin\ArticlesController))
#24 C:\xampp\htdocs\smartmommy\vendor\cakephp\cakephp\src\Http\BaseApplication.php(155): Cake\Http\ActionDispatcher->dispatch(Object(Cake\Http\ServerRequest), Object(Cake\Http\Response))
#25 C:\xampp\htdocs\smartmommy\vendor\cakephp\cakephp\src\Http\Runner.php(129): Cake\Http\BaseApplication->__invoke(Object(Cake\Http\ServerRequest), Object(Cake\Http\Response), Object(Cake\Http\Runner))
#26 C:\xampp\htdocs\smartmommy\vendor\cakephp\cakephp\src\Routing\Middleware\RoutingMiddleware.php(117): Cake\Http\Runner->__invoke(Object(Cake\Http\ServerRequest), Object(Cake\Http\Response))
#27 C:\xampp\htdocs\smartmommy\vendor\cakephp\cakephp\src\Http\Runner.php(129): Cake\Routing\Middleware\RoutingMiddleware->__invoke(Object(Cake\Http\ServerRequest), Object(Cake\Http\Response), Object(Cake\Http\Runner))
#28 C:\xampp\htdocs\smartmommy\vendor\cakephp\cakephp\src\Routing\Middleware\AssetMiddleware.php(175): Cake\Http\Runner->__invoke(Object(Cake\Http\ServerRequest), Object(Cake\Http\Response))
#29 C:\xampp\htdocs\smartmommy\vendor\cakephp\cakephp\src\Http\Runner.php(129): Cake\Routing\Middleware\AssetMiddleware->__invoke(Object(Cake\Http\ServerRequest), Object(Cake\Http\Response), Object(Cake\Http\Runner))
#30 C:\xampp\htdocs\smartmommy\vendor\cakephp\cakephp\src\Error\Middleware\ErrorHandlerMiddleware.php(183): Cake\Http\Runner->__invoke(Object(Cake\Http\ServerRequest), Object(Cake\Http\Response))
#31 C:\xampp\htdocs\smartmommy\vendor\cakephp\cakephp\src\Http\Runner.php(129): Cake\Error\Middleware\ErrorHandlerMiddleware->__invoke(Object(Cake\Http\ServerRequest), Object(Cake\Http\Response), Object(Cake\Http\Runner))
#32 C:\xampp\htdocs\smartmommy\vendor\cakephp\cakephp\src\Http\Runner.php(101): Cake\Http\Runner->__invoke(Object(Cake\Http\ServerRequest), Object(Cake\Http\Response))
#33 C:\xampp\htdocs\smartmommy\vendor\cakephp\cakephp\src\Http\Server.php(159): Cake\Http\Runner->run(Object(Cake\Http\MiddlewareQueue), Object(Cake\Http\ServerRequest), Object(Cake\Http\Response))
#34 C:\xampp\htdocs\smartmommy\webroot\index.php(39): Cake\Http\Server->run()
#35 {main}


